<?xml version="1.0" encoding="UTF-8"?>
<!-- Generated by org.testng.reporters.JUnitXMLReporter -->
<testsuite ignored="0" hostname="DESKTOP-P3JH12J" failures="0" tests="6" name="Test" time="0.053" errors="0" timestamp="2024-12-02T10:25:00 IST">
  <testcase classname="TeastNG.practise" name="createCustomer" time="0.008"/>
  <testcase classname="TeastNG.practise" name="createCustomer" time="0.003"/>
  <testcase classname="TeastNG.practise" name="modifycustomer" time="0.001"/>
  <testcase classname="TeastNG.Demo" name="demoA" time="0.001"/>
  <testcase classname="TeastNG.Demo" name="demoB" time="0.001"/>
  <testcase classname="TeastNG.Demo" name="demoC" time="0.0"/>
</testsuite> <!-- Test -->
