<?xml version="1.0" encoding="UTF-8"?>
<testng-results ignored="0" total="1" passed="1" failed="0" skipped="0">
  <reporter-output>
  </reporter-output>
  <suite started-at="2024-12-03T11:35:54 IST" name="Default suite" finished-at="2024-12-03T11:36:01 IST" duration-ms="7462">
    <groups>
    </groups>
    <test started-at="2024-12-03T11:35:54 IST" name="Default test" finished-at="2024-12-03T11:36:01 IST" duration-ms="7462">
      <class name="TeastNG.Screenshot">
        <test-method signature="demo()[pri:0, instance:TeastNG.Screenshot@441772e]" started-at="2024-12-03T11:35:54 IST" name="demo" finished-at="2024-12-03T11:36:01 IST" duration-ms="7424" status="PASS">
          <reporter-output>
          </reporter-output>
        </test-method> <!-- demo -->
      </class> <!-- TeastNG.Screenshot -->
    </test> <!-- Default test -->
  </suite> <!-- Default suite -->
</testng-results>
